[debug] [2023-08-28T20:26:37.528Z] ----------------------------------------------------------------------
[debug] [2023-08-28T20:26:37.530Z] Command:       /home/juan/.nvm/versions/node/v18.16.0/bin/node /home/juan/.nvm/versions/node/v18.16.0/bin/firebase deploy
[debug] [2023-08-28T20:26:37.530Z] CLI Version:   12.5.2
[debug] [2023-08-28T20:26:37.531Z] Platform:      linux
[debug] [2023-08-28T20:26:37.531Z] Node Version:  v18.16.0
[debug] [2023-08-28T20:26:37.531Z] Time:          Mon Aug 28 2023 16:26:37 GMT-0400 (Venezuela Time)
[debug] [2023-08-28T20:26:37.531Z] ----------------------------------------------------------------------
[debug] 
[debug] [2023-08-28T20:26:37.581Z] > command requires scopes: ["email","openid","https://www.googleapis.com/auth/cloudplatformprojects.readonly","https://www.googleapis.com/auth/firebase","https://www.googleapis.com/auth/cloud-platform"]
[debug] [2023-08-28T20:26:37.582Z] > authorizing via signed-in user (jdgn94@gmail.com)
[debug] [2023-08-28T20:26:37.582Z] [iam] checking project wallet-monitor-87b66 for permissions ["firebase.projects.get","firebasehosting.sites.update"]
[debug] [2023-08-28T20:26:37.583Z] >>> [apiv2][query] POST https://cloudresourcemanager.googleapis.com/v1/projects/wallet-monitor-87b66:testIamPermissions [none]
[debug] [2023-08-28T20:26:37.583Z] >>> [apiv2][(partial)header] POST https://cloudresourcemanager.googleapis.com/v1/projects/wallet-monitor-87b66:testIamPermissions x-goog-quota-user=projects/wallet-monitor-87b66
[debug] [2023-08-28T20:26:37.584Z] >>> [apiv2][body] POST https://cloudresourcemanager.googleapis.com/v1/projects/wallet-monitor-87b66:testIamPermissions {"permissions":["firebase.projects.get","firebasehosting.sites.update"]}
[debug] [2023-08-28T20:26:38.047Z] <<< [apiv2][status] POST https://cloudresourcemanager.googleapis.com/v1/projects/wallet-monitor-87b66:testIamPermissions 200
[debug] [2023-08-28T20:26:38.047Z] <<< [apiv2][body] POST https://cloudresourcemanager.googleapis.com/v1/projects/wallet-monitor-87b66:testIamPermissions {"permissions":["firebase.projects.get","firebasehosting.sites.update"]}
[debug] [2023-08-28T20:26:38.049Z] >>> [apiv2][query] GET https://firebase.googleapis.com/v1beta1/projects/wallet-monitor-87b66 [none]
[debug] [2023-08-28T20:26:38.373Z] <<< [apiv2][status] GET https://firebase.googleapis.com/v1beta1/projects/wallet-monitor-87b66 200
[debug] [2023-08-28T20:26:38.373Z] <<< [apiv2][body] GET https://firebase.googleapis.com/v1beta1/projects/wallet-monitor-87b66 {"projectId":"wallet-monitor-87b66","projectNumber":"96251660105","displayName":"wallet monitor","name":"projects/wallet-monitor-87b66","resources":{"hostingSite":"wallet-monitor-87b66"},"state":"ACTIVE","etag":"1_e3d669ef-a21a-4112-8848-052c32f6733d"}
[info] 
[info] === Deploying to 'wallet-monitor-87b66'...
[info] 
[info] i  deploying hosting 
[debug] [2023-08-28T20:26:38.377Z] >>> [apiv2][query] POST https://firebasehosting.googleapis.com/v1beta1/projects/-/sites/wallet-monitor-87b66/versions [none]
[debug] [2023-08-28T20:26:38.377Z] >>> [apiv2][body] POST https://firebasehosting.googleapis.com/v1beta1/projects/-/sites/wallet-monitor-87b66/versions {"status":"CREATED","labels":{"deployment-tool":"cli-firebase"}}
[debug] [2023-08-28T20:26:39.367Z] <<< [apiv2][status] POST https://firebasehosting.googleapis.com/v1beta1/projects/-/sites/wallet-monitor-87b66/versions 200
[debug] [2023-08-28T20:26:39.368Z] <<< [apiv2][body] POST https://firebasehosting.googleapis.com/v1beta1/projects/-/sites/wallet-monitor-87b66/versions {"name":"projects/96251660105/sites/wallet-monitor-87b66/versions/9835f745acc5ee49","status":"CREATED","config":{},"labels":{"deployment-tool":"cli-firebase"}}
[info] i  hosting[wallet-monitor-87b66]: beginning deploy... 
[info] i  hosting[wallet-monitor-87b66]: found 2 files in public 
[debug] [2023-08-28T20:26:39.378Z] [hosting] uploading with 200 concurrency
[debug] [2023-08-28T20:26:39.379Z] [hosting] hash cache [cHVibGlj] not populated
[debug] [2023-08-28T20:26:39.386Z] [hosting] hash cache [cHVibGlj] stored for 2 files
[debug] [2023-08-28T20:26:39.386Z] [hosting][hash queue][FINAL] {"max":3,"min":2,"avg":2.5,"active":0,"complete":2,"success":2,"errored":0,"retried":0,"total":2,"elapsed":5}
[debug] [2023-08-28T20:26:39.386Z] >>> [apiv2][query] POST https://firebasehosting.googleapis.com/v1beta1/projects/96251660105/sites/wallet-monitor-87b66/versions/9835f745acc5ee49:populateFiles [none]
[debug] [2023-08-28T20:26:39.386Z] >>> [apiv2][body] POST https://firebasehosting.googleapis.com/v1beta1/projects/96251660105/sites/wallet-monitor-87b66/versions/9835f745acc5ee49:populateFiles {"files":{"/404.html":"b7bab6b83fa074653ff28c8d2a64135d3434575f70a12ab3d3ba8080461b9537","/index.html":"635e77150aa6fe27cab1452e28879f03d1475a6d1934c9a37cfaee1bc182878f"}}
